10-Jan-2020 18:57:20.520 정보 [main] org.apache.catalina.startup.VersionLoggerListener.log 서버 버전 이름:        Apache Tomcat/8.5.50
10-Jan-2020 18:57:20.543 정보 [main] org.apache.catalina.startup.VersionLoggerListener.log Server 빌드 시각:          Dec 7 2019 19:19:46 UTC
10-Jan-2020 18:57:20.548 정보 [main] org.apache.catalina.startup.VersionLoggerListener.log Server 버전 번호:         8.5.50.0
10-Jan-2020 18:57:20.548 정보 [main] org.apache.catalina.startup.VersionLoggerListener.log 운영체제 이름:               Windows 10
10-Jan-2020 18:57:20.548 정보 [main] org.apache.catalina.startup.VersionLoggerListener.log 운영체제 버전:            10.0
10-Jan-2020 18:57:20.548 정보 [main] org.apache.catalina.startup.VersionLoggerListener.log 아키텍처:          amd64
10-Jan-2020 18:57:20.549 정보 [main] org.apache.catalina.startup.VersionLoggerListener.log 자바 홈:             C:\Program Files\Java\jdk1.8.0_231\jre
10-Jan-2020 18:57:20.549 정보 [main] org.apache.catalina.startup.VersionLoggerListener.log JVM 버전:           1.8.0_231-b11
10-Jan-2020 18:57:20.549 정보 [main] org.apache.catalina.startup.VersionLoggerListener.log JVM 벤더:            Oracle Corporation
10-Jan-2020 18:57:20.549 정보 [main] org.apache.catalina.startup.VersionLoggerListener.log CATALINA_BASE:         C:\JSP\apache-tomcat-8.5.50
10-Jan-2020 18:57:20.550 정보 [main] org.apache.catalina.startup.VersionLoggerListener.log CATALINA_HOME:         C:\JSP\apache-tomcat-8.5.50
10-Jan-2020 18:57:20.550 정보 [main] org.apache.catalina.startup.VersionLoggerListener.log 명령 행 아규먼트: -Djava.util.logging.config.file=C:\JSP\apache-tomcat-8.5.50\conf\logging.properties
10-Jan-2020 18:57:20.552 정보 [main] org.apache.catalina.startup.VersionLoggerListener.log 명령 행 아규먼트: -Djava.util.logging.manager=org.apache.juli.ClassLoaderLogManager
10-Jan-2020 18:57:20.560 정보 [main] org.apache.catalina.startup.VersionLoggerListener.log 명령 행 아규먼트: -Djdk.tls.ephemeralDHKeySize=2048
10-Jan-2020 18:57:20.562 정보 [main] org.apache.catalina.startup.VersionLoggerListener.log 명령 행 아규먼트: -Djava.protocol.handler.pkgs=org.apache.catalina.webresources
10-Jan-2020 18:57:20.563 정보 [main] org.apache.catalina.startup.VersionLoggerListener.log 명령 행 아규먼트: -Dignore.endorsed.dirs=
10-Jan-2020 18:57:20.564 정보 [main] org.apache.catalina.startup.VersionLoggerListener.log 명령 행 아규먼트: -Dcatalina.base=C:\JSP\apache-tomcat-8.5.50
10-Jan-2020 18:57:20.567 정보 [main] org.apache.catalina.startup.VersionLoggerListener.log 명령 행 아규먼트: -Dcatalina.home=C:\JSP\apache-tomcat-8.5.50
10-Jan-2020 18:57:20.569 정보 [main] org.apache.catalina.startup.VersionLoggerListener.log 명령 행 아규먼트: -Djava.io.tmpdir=C:\JSP\apache-tomcat-8.5.50\temp
10-Jan-2020 18:57:20.572 정보 [main] org.apache.catalina.core.AprLifecycleListener.lifecycleEvent APR 버전 [1.7.0]을(를) 사용한, APR 기반 Apache Tomcat Native 라이브러리 [1.2.23]을(를) 로드했습니다.
10-Jan-2020 18:57:20.574 정보 [main] org.apache.catalina.core.AprLifecycleListener.lifecycleEvent APR 용량정보들: IPv6 [true], sendfile [true], accept filters [false], random [true].
10-Jan-2020 18:57:20.576 정보 [main] org.apache.catalina.core.AprLifecycleListener.lifecycleEvent APR/OpenSSL 설정: useAprConnector [false], useOpenSSL [true]
10-Jan-2020 18:57:20.583 정보 [main] org.apache.catalina.core.AprLifecycleListener.initializeSSL OpenSSL이 성공적으로 초기화되었습니다: [OpenSSL 1.1.1c  28 May 2019]
10-Jan-2020 18:57:20.999 정보 [main] org.apache.coyote.AbstractProtocol.init 프로토콜 핸들러 ["http-nio-8080"]을(를) 초기화합니다.
10-Jan-2020 18:57:21.287 정보 [main] org.apache.tomcat.util.net.NioSelectorPool.getSharedSelector Using a shared selector for servlet write/read
10-Jan-2020 18:57:21.305 정보 [main] org.apache.coyote.AbstractProtocol.init 프로토콜 핸들러 ["ajp-nio-8009"]을(를) 초기화합니다.
10-Jan-2020 18:57:21.314 정보 [main] org.apache.tomcat.util.net.NioSelectorPool.getSharedSelector Using a shared selector for servlet write/read
10-Jan-2020 18:57:21.316 정보 [main] org.apache.catalina.startup.Catalina.load Initialization processed in 1251 ms
10-Jan-2020 18:57:21.357 정보 [main] org.apache.catalina.core.StandardService.startInternal 서비스 [Catalina]을(를) 시작합니다.
10-Jan-2020 18:57:21.361 정보 [main] org.apache.catalina.core.StandardEngine.startInternal Starting Servlet Engine: Apache Tomcat/8.5.50
10-Jan-2020 18:57:21.377 정보 [localhost-startStop-1] org.apache.catalina.startup.HostConfig.deployDirectory 웹 애플리케이션 디렉토리 [C:\JSP\apache-tomcat-8.5.50\webapps\docs]을(를) 배치합니다.
10-Jan-2020 18:57:21.699 정보 [localhost-startStop-1] org.apache.catalina.startup.HostConfig.deployDirectory 웹 애플리케이션 디렉토리 [C:\JSP\apache-tomcat-8.5.50\webapps\docs]에 대한 배치가 [321] 밀리초에 완료되었습니다.
10-Jan-2020 18:57:21.704 정보 [localhost-startStop-1] org.apache.catalina.startup.HostConfig.deployDirectory 웹 애플리케이션 디렉토리 [C:\JSP\apache-tomcat-8.5.50\webapps\examples]을(를) 배치합니다.
10-Jan-2020 18:57:22.167 정보 [localhost-startStop-1] org.apache.catalina.startup.HostConfig.deployDirectory 웹 애플리케이션 디렉토리 [C:\JSP\apache-tomcat-8.5.50\webapps\examples]에 대한 배치가 [463] 밀리초에 완료되었습니다.
10-Jan-2020 18:57:22.174 정보 [localhost-startStop-1] org.apache.catalina.startup.HostConfig.deployDirectory 웹 애플리케이션 디렉토리 [C:\JSP\apache-tomcat-8.5.50\webapps\host-manager]을(를) 배치합니다.
10-Jan-2020 18:57:22.220 정보 [localhost-startStop-1] org.apache.catalina.startup.HostConfig.deployDirectory 웹 애플리케이션 디렉토리 [C:\JSP\apache-tomcat-8.5.50\webapps\host-manager]에 대한 배치가 [46] 밀리초에 완료되었습니다.
10-Jan-2020 18:57:22.225 정보 [localhost-startStop-1] org.apache.catalina.startup.HostConfig.deployDirectory 웹 애플리케이션 디렉토리 [C:\JSP\apache-tomcat-8.5.50\webapps\manager]을(를) 배치합니다.
10-Jan-2020 18:57:22.257 정보 [localhost-startStop-1] org.apache.catalina.startup.HostConfig.deployDirectory 웹 애플리케이션 디렉토리 [C:\JSP\apache-tomcat-8.5.50\webapps\manager]에 대한 배치가 [33] 밀리초에 완료되었습니다.
10-Jan-2020 18:57:22.260 정보 [localhost-startStop-1] org.apache.catalina.startup.HostConfig.deployDirectory 웹 애플리케이션 디렉토리 [C:\JSP\apache-tomcat-8.5.50\webapps\ROOT]을(를) 배치합니다.
10-Jan-2020 18:57:22.293 정보 [localhost-startStop-1] org.apache.catalina.startup.HostConfig.deployDirectory 웹 애플리케이션 디렉토리 [C:\JSP\apache-tomcat-8.5.50\webapps\ROOT]에 대한 배치가 [33] 밀리초에 완료되었습니다.
10-Jan-2020 18:57:22.303 정보 [main] org.apache.coyote.AbstractProtocol.start 프로토콜 핸들러 ["http-nio-8080"]을(를) 시작합니다.
10-Jan-2020 18:57:22.319 정보 [main] org.apache.coyote.AbstractProtocol.start 프로토콜 핸들러 ["ajp-nio-8009"]을(를) 시작합니다.
10-Jan-2020 18:57:22.324 정보 [main] org.apache.catalina.startup.Catalina.start Server startup in 1006 ms
10-Jan-2020 19:15:51.590 정보 [main] org.apache.catalina.startup.VersionLoggerListener.log 서버 버전 이름:        Apache Tomcat/8.5.50
10-Jan-2020 19:15:51.596 정보 [main] org.apache.catalina.startup.VersionLoggerListener.log Server 빌드 시각:          Dec 7 2019 19:19:46 UTC
10-Jan-2020 19:15:51.602 정보 [main] org.apache.catalina.startup.VersionLoggerListener.log Server 버전 번호:         8.5.50.0
10-Jan-2020 19:15:51.602 정보 [main] org.apache.catalina.startup.VersionLoggerListener.log 운영체제 이름:               Windows 10
10-Jan-2020 19:15:51.602 정보 [main] org.apache.catalina.startup.VersionLoggerListener.log 운영체제 버전:            10.0
10-Jan-2020 19:15:51.602 정보 [main] org.apache.catalina.startup.VersionLoggerListener.log 아키텍처:          amd64
10-Jan-2020 19:15:51.603 정보 [main] org.apache.catalina.startup.VersionLoggerListener.log 자바 홈:             C:\Program Files\Java\jdk1.8.0_231\jre
10-Jan-2020 19:15:51.603 정보 [main] org.apache.catalina.startup.VersionLoggerListener.log JVM 버전:           1.8.0_231-b11
10-Jan-2020 19:15:51.603 정보 [main] org.apache.catalina.startup.VersionLoggerListener.log JVM 벤더:            Oracle Corporation
10-Jan-2020 19:15:51.603 정보 [main] org.apache.catalina.startup.VersionLoggerListener.log CATALINA_BASE:         C:\JSP\apache-tomcat-8.5.50
10-Jan-2020 19:15:51.603 정보 [main] org.apache.catalina.startup.VersionLoggerListener.log CATALINA_HOME:         C:\JSP\apache-tomcat-8.5.50
10-Jan-2020 19:15:51.605 정보 [main] org.apache.catalina.startup.VersionLoggerListener.log 명령 행 아규먼트: -Djava.util.logging.config.file=C:\JSP\apache-tomcat-8.5.50\conf\logging.properties
10-Jan-2020 19:15:51.612 정보 [main] org.apache.catalina.startup.VersionLoggerListener.log 명령 행 아규먼트: -Djava.util.logging.manager=org.apache.juli.ClassLoaderLogManager
10-Jan-2020 19:15:51.614 정보 [main] org.apache.catalina.startup.VersionLoggerListener.log 명령 행 아규먼트: -Djdk.tls.ephemeralDHKeySize=2048
10-Jan-2020 19:15:51.616 정보 [main] org.apache.catalina.startup.VersionLoggerListener.log 명령 행 아규먼트: -Djava.protocol.handler.pkgs=org.apache.catalina.webresources
10-Jan-2020 19:15:51.617 정보 [main] org.apache.catalina.startup.VersionLoggerListener.log 명령 행 아규먼트: -Dignore.endorsed.dirs=
10-Jan-2020 19:15:51.620 정보 [main] org.apache.catalina.startup.VersionLoggerListener.log 명령 행 아규먼트: -Dcatalina.base=C:\JSP\apache-tomcat-8.5.50
10-Jan-2020 19:15:51.622 정보 [main] org.apache.catalina.startup.VersionLoggerListener.log 명령 행 아규먼트: -Dcatalina.home=C:\JSP\apache-tomcat-8.5.50
10-Jan-2020 19:15:51.624 정보 [main] org.apache.catalina.startup.VersionLoggerListener.log 명령 행 아규먼트: -Djava.io.tmpdir=C:\JSP\apache-tomcat-8.5.50\temp
10-Jan-2020 19:15:51.626 정보 [main] org.apache.catalina.core.AprLifecycleListener.lifecycleEvent APR 버전 [1.7.0]을(를) 사용한, APR 기반 Apache Tomcat Native 라이브러리 [1.2.23]을(를) 로드했습니다.
10-Jan-2020 19:15:51.628 정보 [main] org.apache.catalina.core.AprLifecycleListener.lifecycleEvent APR 용량정보들: IPv6 [true], sendfile [true], accept filters [false], random [true].
10-Jan-2020 19:15:51.635 정보 [main] org.apache.catalina.core.AprLifecycleListener.lifecycleEvent APR/OpenSSL 설정: useAprConnector [false], useOpenSSL [true]
10-Jan-2020 19:15:51.645 정보 [main] org.apache.catalina.core.AprLifecycleListener.initializeSSL OpenSSL이 성공적으로 초기화되었습니다: [OpenSSL 1.1.1c  28 May 2019]
10-Jan-2020 19:15:51.795 정보 [main] org.apache.coyote.AbstractProtocol.init 프로토콜 핸들러 ["http-nio-8080"]을(를) 초기화합니다.
10-Jan-2020 19:15:51.807 심각 [main] org.apache.catalina.core.StandardService.initInternal Failed to initialize connector [Connector[HTTP/1.1-8080]]
	org.apache.catalina.LifecycleException: 프로토콜 핸들러 초기화가 실패했습니다.
		at org.apache.catalina.connector.Connector.initInternal(Connector.java:995)
		at org.apache.catalina.util.LifecycleBase.init(LifecycleBase.java:136)
		at org.apache.catalina.core.StandardService.initInternal(StandardService.java:552)
		at org.apache.catalina.util.LifecycleBase.init(LifecycleBase.java:136)
		at org.apache.catalina.core.StandardServer.initInternal(StandardServer.java:848)
		at org.apache.catalina.util.LifecycleBase.init(LifecycleBase.java:136)
		at org.apache.catalina.startup.Catalina.load(Catalina.java:639)
		at org.apache.catalina.startup.Catalina.load(Catalina.java:662)
		at sun.reflect.NativeMethodAccessorImpl.invoke0(Native Method)
		at sun.reflect.NativeMethodAccessorImpl.invoke(NativeMethodAccessorImpl.java:62)
		at sun.reflect.DelegatingMethodAccessorImpl.invoke(DelegatingMethodAccessorImpl.java:43)
		at java.lang.reflect.Method.invoke(Method.java:498)
		at org.apache.catalina.startup.Bootstrap.load(Bootstrap.java:303)
		at org.apache.catalina.startup.Bootstrap.main(Bootstrap.java:473)
	Caused by: java.net.BindException: Address already in use: bind
		at sun.nio.ch.Net.bind0(Native Method)
		at sun.nio.ch.Net.bind(Net.java:433)
		at sun.nio.ch.Net.bind(Net.java:425)
		at sun.nio.ch.ServerSocketChannelImpl.bind(ServerSocketChannelImpl.java:223)
		at sun.nio.ch.ServerSocketAdaptor.bind(ServerSocketAdaptor.java:74)
		at org.apache.tomcat.util.net.NioEndpoint.bind(NioEndpoint.java:221)
		at org.apache.tomcat.util.net.AbstractEndpoint.init(AbstractEndpoint.java:1118)
		at org.apache.tomcat.util.net.AbstractJsseEndpoint.init(AbstractJsseEndpoint.java:223)
		at org.apache.coyote.AbstractProtocol.init(AbstractProtocol.java:581)
		at org.apache.coyote.http11.AbstractHttp11Protocol.init(AbstractHttp11Protocol.java:70)
		at org.apache.catalina.connector.Connector.initInternal(Connector.java:993)
		... 13 more
10-Jan-2020 19:15:51.809 정보 [main] org.apache.coyote.AbstractProtocol.init 프로토콜 핸들러 ["ajp-nio-8009"]을(를) 초기화합니다.
10-Jan-2020 19:15:51.813 심각 [main] org.apache.catalina.core.StandardService.initInternal Failed to initialize connector [Connector[AJP/1.3-8009]]
	org.apache.catalina.LifecycleException: 프로토콜 핸들러 초기화가 실패했습니다.
		at org.apache.catalina.connector.Connector.initInternal(Connector.java:995)
		at org.apache.catalina.util.LifecycleBase.init(LifecycleBase.java:136)
		at org.apache.catalina.core.StandardService.initInternal(StandardService.java:552)
		at org.apache.catalina.util.LifecycleBase.init(LifecycleBase.java:136)
		at org.apache.catalina.core.StandardServer.initInternal(StandardServer.java:848)
		at org.apache.catalina.util.LifecycleBase.init(LifecycleBase.java:136)
		at org.apache.catalina.startup.Catalina.load(Catalina.java:639)
		at org.apache.catalina.startup.Catalina.load(Catalina.java:662)
		at sun.reflect.NativeMethodAccessorImpl.invoke0(Native Method)
		at sun.reflect.NativeMethodAccessorImpl.invoke(NativeMethodAccessorImpl.java:62)
		at sun.reflect.DelegatingMethodAccessorImpl.invoke(DelegatingMethodAccessorImpl.java:43)
		at java.lang.reflect.Method.invoke(Method.java:498)
		at org.apache.catalina.startup.Bootstrap.load(Bootstrap.java:303)
		at org.apache.catalina.startup.Bootstrap.main(Bootstrap.java:473)
	Caused by: java.net.BindException: Address already in use: bind
		at sun.nio.ch.Net.bind0(Native Method)
		at sun.nio.ch.Net.bind(Net.java:433)
		at sun.nio.ch.Net.bind(Net.java:425)
		at sun.nio.ch.ServerSocketChannelImpl.bind(ServerSocketChannelImpl.java:223)
		at sun.nio.ch.ServerSocketAdaptor.bind(ServerSocketAdaptor.java:74)
		at org.apache.tomcat.util.net.NioEndpoint.bind(NioEndpoint.java:221)
		at org.apache.tomcat.util.net.AbstractEndpoint.init(AbstractEndpoint.java:1118)
		at org.apache.tomcat.util.net.AbstractJsseEndpoint.init(AbstractJsseEndpoint.java:223)
		at org.apache.coyote.AbstractProtocol.init(AbstractProtocol.java:581)
		at org.apache.catalina.connector.Connector.initInternal(Connector.java:993)
		... 13 more
10-Jan-2020 19:15:51.815 정보 [main] org.apache.catalina.startup.Catalina.load Initialization processed in 700 ms
10-Jan-2020 19:15:51.850 정보 [main] org.apache.catalina.core.StandardService.startInternal 서비스 [Catalina]을(를) 시작합니다.
10-Jan-2020 19:15:51.853 정보 [main] org.apache.catalina.core.StandardEngine.startInternal Starting Servlet Engine: Apache Tomcat/8.5.50
10-Jan-2020 19:15:51.863 정보 [localhost-startStop-1] org.apache.catalina.startup.HostConfig.deployDirectory 웹 애플리케이션 디렉토리 [C:\JSP\apache-tomcat-8.5.50\webapps\docs]을(를) 배치합니다.
10-Jan-2020 19:15:52.328 경고 [localhost-startStop-1] org.apache.catalina.util.SessionIdGeneratorBase.createSecureRandom [SHA1PRNG] 알고리즘을 사용하여, 세션 ID를 생성하기 위한 SecureRandom 객체를 생성하는데, [219] 밀리초가 소요됐습니다.
10-Jan-2020 19:15:52.352 정보 [localhost-startStop-1] org.apache.catalina.startup.HostConfig.deployDirectory 웹 애플리케이션 디렉토리 [C:\JSP\apache-tomcat-8.5.50\webapps\docs]에 대한 배치가 [489] 밀리초에 완료되었습니다.
10-Jan-2020 19:15:52.355 정보 [localhost-startStop-1] org.apache.catalina.startup.HostConfig.deployDirectory 웹 애플리케이션 디렉토리 [C:\JSP\apache-tomcat-8.5.50\webapps\examples]을(를) 배치합니다.
10-Jan-2020 19:15:52.796 정보 [localhost-startStop-1] org.apache.catalina.startup.HostConfig.deployDirectory 웹 애플리케이션 디렉토리 [C:\JSP\apache-tomcat-8.5.50\webapps\examples]에 대한 배치가 [441] 밀리초에 완료되었습니다.
10-Jan-2020 19:15:52.799 정보 [localhost-startStop-1] org.apache.catalina.startup.HostConfig.deployDirectory 웹 애플리케이션 디렉토리 [C:\JSP\apache-tomcat-8.5.50\webapps\host-manager]을(를) 배치합니다.
10-Jan-2020 19:15:52.830 정보 [localhost-startStop-1] org.apache.catalina.startup.HostConfig.deployDirectory 웹 애플리케이션 디렉토리 [C:\JSP\apache-tomcat-8.5.50\webapps\host-manager]에 대한 배치가 [31] 밀리초에 완료되었습니다.
10-Jan-2020 19:15:52.834 정보 [localhost-startStop-1] org.apache.catalina.startup.HostConfig.deployDirectory 웹 애플리케이션 디렉토리 [C:\JSP\apache-tomcat-8.5.50\webapps\manager]을(를) 배치합니다.
10-Jan-2020 19:15:52.865 정보 [localhost-startStop-1] org.apache.catalina.startup.HostConfig.deployDirectory 웹 애플리케이션 디렉토리 [C:\JSP\apache-tomcat-8.5.50\webapps\manager]에 대한 배치가 [31] 밀리초에 완료되었습니다.
10-Jan-2020 19:15:52.870 정보 [localhost-startStop-1] org.apache.catalina.startup.HostConfig.deployDirectory 웹 애플리케이션 디렉토리 [C:\JSP\apache-tomcat-8.5.50\webapps\ROOT]을(를) 배치합니다.
10-Jan-2020 19:15:52.896 정보 [localhost-startStop-1] org.apache.catalina.startup.HostConfig.deployDirectory 웹 애플리케이션 디렉토리 [C:\JSP\apache-tomcat-8.5.50\webapps\ROOT]에 대한 배치가 [25] 밀리초에 완료되었습니다.
10-Jan-2020 19:15:52.903 정보 [main] org.apache.catalina.startup.Catalina.start Server startup in 1083 ms
10-Jan-2020 19:15:52.908 심각 [main] org.apache.catalina.core.StandardServer.await StandardServer.await: create[localhost:8005]: 
	java.net.BindException: Address already in use: JVM_Bind
		at java.net.DualStackPlainSocketImpl.bind0(Native Method)
		at java.net.DualStackPlainSocketImpl.socketBind(DualStackPlainSocketImpl.java:106)
		at java.net.AbstractPlainSocketImpl.bind(AbstractPlainSocketImpl.java:387)
		at java.net.PlainSocketImpl.bind(PlainSocketImpl.java:190)
		at java.net.ServerSocket.bind(ServerSocket.java:375)
		at java.net.ServerSocket.<init>(ServerSocket.java:237)
		at org.apache.catalina.core.StandardServer.await(StandardServer.java:421)
		at org.apache.catalina.startup.Catalina.await(Catalina.java:776)
		at org.apache.catalina.startup.Catalina.start(Catalina.java:722)
		at sun.reflect.NativeMethodAccessorImpl.invoke0(Native Method)
		at sun.reflect.NativeMethodAccessorImpl.invoke(NativeMethodAccessorImpl.java:62)
		at sun.reflect.DelegatingMethodAccessorImpl.invoke(DelegatingMethodAccessorImpl.java:43)
		at java.lang.reflect.Method.invoke(Method.java:498)
		at org.apache.catalina.startup.Bootstrap.start(Bootstrap.java:343)
		at org.apache.catalina.startup.Bootstrap.main(Bootstrap.java:474)
10-Jan-2020 19:15:52.910 정보 [main] org.apache.coyote.AbstractProtocol.pause 프로토콜 핸들러 ["http-nio-8080"]을(를) 일시 정지 중
10-Jan-2020 19:15:52.915 정보 [main] org.apache.coyote.AbstractProtocol.pause 프로토콜 핸들러 ["ajp-nio-8009"]을(를) 일시 정지 중
10-Jan-2020 19:15:52.921 정보 [main] org.apache.catalina.core.StandardService.stopInternal 서비스 [Catalina]을(를) 중지시킵니다.
10-Jan-2020 19:15:52.948 정보 [main] org.apache.coyote.AbstractProtocol.stop 프로토콜 핸들러 ["http-nio-8080"]을(를) 중지시킵니다.
10-Jan-2020 19:15:52.950 정보 [main] org.apache.coyote.AbstractProtocol.destroy 프로토콜 핸들러 ["http-nio-8080"]을(를) 소멸시킵니다.
10-Jan-2020 19:15:52.952 정보 [main] org.apache.coyote.AbstractProtocol.stop 프로토콜 핸들러 ["ajp-nio-8009"]을(를) 중지시킵니다.
10-Jan-2020 19:15:52.955 정보 [main] org.apache.coyote.AbstractProtocol.destroy 프로토콜 핸들러 ["ajp-nio-8009"]을(를) 소멸시킵니다.
10-Jan-2020 19:16:29.381 심각 [ajp-nio-8009-exec-1] org.apache.coyote.ajp.AjpMessage.processHeader 서명 [18245]와(과) 함께, 유효하지 않은 메시지를 받았습니다.
10-Jan-2020 19:18:09.354 심각 [ajp-nio-8009-exec-3] org.apache.coyote.ajp.AjpMessage.processHeader 서명 [18245]와(과) 함께, 유효하지 않은 메시지를 받았습니다.
10-Jan-2020 19:18:16.708 심각 [ajp-nio-8009-exec-4] org.apache.coyote.ajp.AjpMessage.processHeader 서명 [18245]와(과) 함께, 유효하지 않은 메시지를 받았습니다.
10-Jan-2020 19:20:24.872 정보 [main] org.apache.catalina.startup.VersionLoggerListener.log 서버 버전 이름:        Apache Tomcat/8.5.50
10-Jan-2020 19:20:24.877 정보 [main] org.apache.catalina.startup.VersionLoggerListener.log Server 빌드 시각:          Dec 7 2019 19:19:46 UTC
10-Jan-2020 19:20:24.877 정보 [main] org.apache.catalina.startup.VersionLoggerListener.log Server 버전 번호:         8.5.50.0
10-Jan-2020 19:20:24.877 정보 [main] org.apache.catalina.startup.VersionLoggerListener.log 운영체제 이름:               Windows 10
10-Jan-2020 19:20:24.877 정보 [main] org.apache.catalina.startup.VersionLoggerListener.log 운영체제 버전:            10.0
10-Jan-2020 19:20:24.878 정보 [main] org.apache.catalina.startup.VersionLoggerListener.log 아키텍처:          amd64
10-Jan-2020 19:20:24.878 정보 [main] org.apache.catalina.startup.VersionLoggerListener.log 자바 홈:             C:\Program Files\Java\jdk1.8.0_231\jre
10-Jan-2020 19:20:24.878 정보 [main] org.apache.catalina.startup.VersionLoggerListener.log JVM 버전:           1.8.0_231-b11
10-Jan-2020 19:20:24.878 정보 [main] org.apache.catalina.startup.VersionLoggerListener.log JVM 벤더:            Oracle Corporation
10-Jan-2020 19:20:24.878 정보 [main] org.apache.catalina.startup.VersionLoggerListener.log CATALINA_BASE:         C:\JSP\apache-tomcat-8.5.50
10-Jan-2020 19:20:24.879 정보 [main] org.apache.catalina.startup.VersionLoggerListener.log CATALINA_HOME:         C:\JSP\apache-tomcat-8.5.50
10-Jan-2020 19:20:24.880 정보 [main] org.apache.catalina.startup.VersionLoggerListener.log 명령 행 아규먼트: -Djava.util.logging.config.file=C:\JSP\apache-tomcat-8.5.50\conf\logging.properties
10-Jan-2020 19:20:24.882 정보 [main] org.apache.catalina.startup.VersionLoggerListener.log 명령 행 아규먼트: -Djava.util.logging.manager=org.apache.juli.ClassLoaderLogManager
10-Jan-2020 19:20:24.883 정보 [main] org.apache.catalina.startup.VersionLoggerListener.log 명령 행 아규먼트: -Djdk.tls.ephemeralDHKeySize=2048
10-Jan-2020 19:20:24.885 정보 [main] org.apache.catalina.startup.VersionLoggerListener.log 명령 행 아규먼트: -Djava.protocol.handler.pkgs=org.apache.catalina.webresources
10-Jan-2020 19:20:24.886 정보 [main] org.apache.catalina.startup.VersionLoggerListener.log 명령 행 아규먼트: -Dignore.endorsed.dirs=
10-Jan-2020 19:20:24.891 정보 [main] org.apache.catalina.startup.VersionLoggerListener.log 명령 행 아규먼트: -Dcatalina.base=C:\JSP\apache-tomcat-8.5.50
10-Jan-2020 19:20:24.892 정보 [main] org.apache.catalina.startup.VersionLoggerListener.log 명령 행 아규먼트: -Dcatalina.home=C:\JSP\apache-tomcat-8.5.50
10-Jan-2020 19:20:24.893 정보 [main] org.apache.catalina.startup.VersionLoggerListener.log 명령 행 아규먼트: -Djava.io.tmpdir=C:\JSP\apache-tomcat-8.5.50\temp
10-Jan-2020 19:20:24.894 정보 [main] org.apache.catalina.core.AprLifecycleListener.lifecycleEvent APR 버전 [1.7.0]을(를) 사용한, APR 기반 Apache Tomcat Native 라이브러리 [1.2.23]을(를) 로드했습니다.
10-Jan-2020 19:20:24.896 정보 [main] org.apache.catalina.core.AprLifecycleListener.lifecycleEvent APR 용량정보들: IPv6 [true], sendfile [true], accept filters [false], random [true].
10-Jan-2020 19:20:24.897 정보 [main] org.apache.catalina.core.AprLifecycleListener.lifecycleEvent APR/OpenSSL 설정: useAprConnector [false], useOpenSSL [true]
10-Jan-2020 19:20:24.904 정보 [main] org.apache.catalina.core.AprLifecycleListener.initializeSSL OpenSSL이 성공적으로 초기화되었습니다: [OpenSSL 1.1.1c  28 May 2019]
10-Jan-2020 19:20:25.050 정보 [main] org.apache.coyote.AbstractProtocol.init 프로토콜 핸들러 ["http-nio-8000"]을(를) 초기화합니다.
10-Jan-2020 19:20:25.390 정보 [main] org.apache.tomcat.util.net.NioSelectorPool.getSharedSelector Using a shared selector for servlet write/read
10-Jan-2020 19:20:25.421 정보 [main] org.apache.coyote.AbstractProtocol.init 프로토콜 핸들러 ["ajp-nio-8009"]을(를) 초기화합니다.
10-Jan-2020 19:20:25.431 정보 [main] org.apache.tomcat.util.net.NioSelectorPool.getSharedSelector Using a shared selector for servlet write/read
10-Jan-2020 19:20:25.434 정보 [main] org.apache.catalina.startup.Catalina.load Initialization processed in 1020 ms
10-Jan-2020 19:20:25.499 정보 [main] org.apache.catalina.core.StandardService.startInternal 서비스 [Catalina]을(를) 시작합니다.
10-Jan-2020 19:20:25.503 정보 [main] org.apache.catalina.core.StandardEngine.startInternal Starting Servlet Engine: Apache Tomcat/8.5.50
10-Jan-2020 19:20:25.517 정보 [localhost-startStop-1] org.apache.catalina.startup.HostConfig.deployDirectory 웹 애플리케이션 디렉토리 [C:\JSP\apache-tomcat-8.5.50\webapps\docs]을(를) 배치합니다.
10-Jan-2020 19:20:25.868 정보 [localhost-startStop-1] org.apache.catalina.startup.HostConfig.deployDirectory 웹 애플리케이션 디렉토리 [C:\JSP\apache-tomcat-8.5.50\webapps\docs]에 대한 배치가 [350] 밀리초에 완료되었습니다.
10-Jan-2020 19:20:25.873 정보 [localhost-startStop-1] org.apache.catalina.startup.HostConfig.deployDirectory 웹 애플리케이션 디렉토리 [C:\JSP\apache-tomcat-8.5.50\webapps\examples]을(를) 배치합니다.
10-Jan-2020 19:20:26.297 정보 [localhost-startStop-1] org.apache.catalina.startup.HostConfig.deployDirectory 웹 애플리케이션 디렉토리 [C:\JSP\apache-tomcat-8.5.50\webapps\examples]에 대한 배치가 [423] 밀리초에 완료되었습니다.
10-Jan-2020 19:20:26.299 정보 [localhost-startStop-1] org.apache.catalina.startup.HostConfig.deployDirectory 웹 애플리케이션 디렉토리 [C:\JSP\apache-tomcat-8.5.50\webapps\host-manager]을(를) 배치합니다.
10-Jan-2020 19:20:26.331 정보 [localhost-startStop-1] org.apache.catalina.startup.HostConfig.deployDirectory 웹 애플리케이션 디렉토리 [C:\JSP\apache-tomcat-8.5.50\webapps\host-manager]에 대한 배치가 [32] 밀리초에 완료되었습니다.
10-Jan-2020 19:20:26.335 정보 [localhost-startStop-1] org.apache.catalina.startup.HostConfig.deployDirectory 웹 애플리케이션 디렉토리 [C:\JSP\apache-tomcat-8.5.50\webapps\manager]을(를) 배치합니다.
10-Jan-2020 19:20:26.365 정보 [localhost-startStop-1] org.apache.catalina.startup.HostConfig.deployDirectory 웹 애플리케이션 디렉토리 [C:\JSP\apache-tomcat-8.5.50\webapps\manager]에 대한 배치가 [30] 밀리초에 완료되었습니다.
10-Jan-2020 19:20:26.370 정보 [localhost-startStop-1] org.apache.catalina.startup.HostConfig.deployDirectory 웹 애플리케이션 디렉토리 [C:\JSP\apache-tomcat-8.5.50\webapps\ROOT]을(를) 배치합니다.
10-Jan-2020 19:20:26.399 정보 [localhost-startStop-1] org.apache.catalina.startup.HostConfig.deployDirectory 웹 애플리케이션 디렉토리 [C:\JSP\apache-tomcat-8.5.50\webapps\ROOT]에 대한 배치가 [29] 밀리초에 완료되었습니다.
10-Jan-2020 19:20:26.408 정보 [main] org.apache.coyote.AbstractProtocol.start 프로토콜 핸들러 ["http-nio-8000"]을(를) 시작합니다.
10-Jan-2020 19:20:26.421 정보 [main] org.apache.coyote.AbstractProtocol.start 프로토콜 핸들러 ["ajp-nio-8009"]을(를) 시작합니다.
10-Jan-2020 19:20:26.429 정보 [main] org.apache.catalina.startup.Catalina.start Server startup in 992 ms
